<?xml version="1.0" encoding="UTF-8"?>
<coverage generated="1600769866955" clover="3.2.0">
  <project timestamp="1600769866955" name="All files">
    <metrics statements="38" coveredstatements="37" conditionals="9" coveredconditionals="9" methods="17" coveredmethods="16" elements="64" coveredelements="62" complexity="0" loc="38" ncloc="38" packages="5" files="8" classes="8"/>
    <package name="actions">
      <metrics statements="6" coveredstatements="5" conditionals="0" coveredconditionals="0" methods="2" coveredmethods="2"/>
      <file name="facesActions.ts" path="/Users/llaine/Workspace/klarna-test/client/src/actions/facesActions.ts">
        <metrics statements="6" coveredstatements="5" conditionals="0" coveredconditionals="0" methods="2" coveredmethods="2"/>
        <line num="15" count="3" type="stmt"/>
        <line num="16" count="3" type="stmt"/>
        <line num="17" count="3" type="stmt"/>
        <line num="18" count="3" type="stmt"/>
        <line num="19" count="0" type="stmt"/>
        <line num="21" count="1" type="stmt"/>
      </file>
    </package>
    <package name="components">
      <metrics statements="18" coveredstatements="18" conditionals="4" coveredconditionals="4" methods="9" coveredmethods="9"/>
      <file name="FaceItem.tsx" path="/Users/llaine/Workspace/klarna-test/client/src/components/FaceItem.tsx">
        <metrics statements="2" coveredstatements="2" conditionals="0" coveredconditionals="0" methods="1" coveredmethods="1"/>
        <line num="17" count="3" type="stmt"/>
        <line num="47" count="2" type="stmt"/>
      </file>
      <file name="FaceList.tsx" path="/Users/llaine/Workspace/klarna-test/client/src/components/FaceList.tsx">
        <metrics statements="3" coveredstatements="3" conditionals="0" coveredconditionals="0" methods="2" coveredmethods="2"/>
        <line num="13" count="2" type="stmt"/>
        <line num="20" count="3" type="stmt"/>
        <line num="25" count="1" type="stmt"/>
      </file>
      <file name="FaceListHeader.tsx" path="/Users/llaine/Workspace/klarna-test/client/src/components/FaceListHeader.tsx">
        <metrics statements="2" coveredstatements="2" conditionals="0" coveredconditionals="0" methods="1" coveredmethods="1"/>
        <line num="5" count="3" type="stmt"/>
        <line num="20" count="4" type="stmt"/>
      </file>
      <file name="StatusViewController.tsx" path="/Users/llaine/Workspace/klarna-test/client/src/components/StatusViewController.tsx">
        <metrics statements="11" coveredstatements="11" conditionals="4" coveredconditionals="4" methods="5" coveredmethods="5"/>
        <line num="14" count="1" type="stmt"/>
        <line num="23" count="4" type="stmt"/>
        <line num="26" count="1" type="stmt"/>
        <line num="29" count="1" type="stmt"/>
        <line num="35" count="1" type="stmt"/>
        <line num="43" count="1" type="stmt"/>
        <line num="50" count="4" type="cond" truecount="4" falsecount="0"/>
        <line num="52" count="1" type="stmt"/>
        <line num="54" count="1" type="stmt"/>
        <line num="56" count="1" type="stmt"/>
        <line num="58" count="1" type="stmt"/>
      </file>
    </package>
    <package name="reducers">
      <metrics statements="6" coveredstatements="6" conditionals="5" coveredconditionals="5" methods="1" coveredmethods="1"/>
      <file name="facesState.ts" path="/Users/llaine/Workspace/klarna-test/client/src/reducers/facesState.ts">
        <metrics statements="6" coveredstatements="6" conditionals="5" coveredconditionals="5" methods="1" coveredmethods="1"/>
        <line num="13" count="1" type="stmt"/>
        <line num="19" count="4" type="cond" truecount="4" falsecount="0"/>
        <line num="21" count="1" type="stmt"/>
        <line num="26" count="1" type="stmt"/>
        <line num="32" count="1" type="stmt"/>
        <line num="37" count="1" type="stmt"/>
      </file>
    </package>
    <package name="screens">
      <metrics statements="5" coveredstatements="5" conditionals="0" coveredconditionals="0" methods="3" coveredmethods="3"/>
      <file name="rootScreen.tsx" path="/Users/llaine/Workspace/klarna-test/client/src/screens/rootScreen.tsx">
        <metrics statements="5" coveredstatements="5" conditionals="0" coveredconditionals="0" methods="3" coveredmethods="3"/>
        <line num="9" count="1" type="stmt"/>
        <line num="29" count="4" type="stmt"/>
        <line num="30" count="4" type="stmt"/>
        <line num="33" count="4" type="stmt"/>
        <line num="39" count="1" type="stmt"/>
      </file>
    </package>
    <package name="services">
      <metrics statements="3" coveredstatements="3" conditionals="0" coveredconditionals="0" methods="2" coveredmethods="1"/>
      <file name="facesApi.ts" path="/Users/llaine/Workspace/klarna-test/client/src/services/facesApi.ts">
        <metrics statements="3" coveredstatements="3" conditionals="0" coveredconditionals="0" methods="2" coveredmethods="1"/>
        <line num="1" count="1" type="stmt"/>
        <line num="2" count="1" type="stmt"/>
        <line num="11" count="3" type="stmt"/>
      </file>
    </package>
  </project>
</coverage>
