{"/Users/llaine/Workspace/klarna-test/client/src/actions/facesActions.ts": {"path":"/Users/llaine/Workspace/klarna-test/client/src/actions/facesActions.ts","statementMap":{"0":{"start":{"line":15,"column":2},"end":{"line":23,"column":3}},"1":{"start":{"line":16,"column":4},"end":{"line":22,"column":5}},"2":{"start":{"line":17,"column":6},"end":{"line":17,"column":50}},"3":{"start":{"line":18,"column":21},"end":{"line":18,"column":37}},"4":{"start":{"line":19,"column":6},"end":{"line":19,"column":65}},"5":{"start":{"line":21,"column":6},"end":{"line":21,"column":58}}},"fnMap":{"0":{"name":"loadFaces","decl":{"start":{"line":14,"column":16},"end":{"line":14,"column":25}},"loc":{"start":{"line":14,"column":28},"end":{"line":24,"column":1}},"line":14},"1":{"name":"(anonymous_1)","decl":{"start":{"line":15,"column":9},"end":{"line":15,"column":10}},"loc":{"start":{"line":15,"column":61},"end":{"line":23,"column":3}},"line":15}},"branchMap":{},"s":{"0":3,"1":3,"2":3,"3":3,"4":0,"5":1},"f":{"0":3,"1":3},"b":{},"_coverageSchema":"1a1c01bbd47fc00a2c39e90264f33305004495a9","hash":"e39820c786518936b2014aa9c720f48398cc3549"}
,"/Users/llaine/Workspace/klarna-test/client/src/components/FaceItem.tsx": {"path":"/Users/llaine/Workspace/klarna-test/client/src/components/FaceItem.tsx","statementMap":{"0":{"start":{"line":17,"column":15},"end":{"line":44,"column":2}},"1":{"start":{"line":47,"column":2},"end":{"line":55,"column":3}}},"fnMap":{"0":{"name":"FaceItem","decl":{"start":{"line":46,"column":24},"end":{"line":46,"column":32}},"loc":{"start":{"line":46,"column":58},"end":{"line":56,"column":1}},"line":46}},"branchMap":{},"s":{"0":3,"1":2},"f":{"0":2},"b":{},"_coverageSchema":"1a1c01bbd47fc00a2c39e90264f33305004495a9","hash":"bfa89dfcdc9eb082d0acbe34025e961eacea86c9"}
,"/Users/llaine/Workspace/klarna-test/client/src/components/FaceList.tsx": {"path":"/Users/llaine/Workspace/klarna-test/client/src/components/FaceList.tsx","statementMap":{"0":{"start":{"line":13,"column":15},"end":{"line":17,"column":2}},"1":{"start":{"line":20,"column":2},"end":{"line":27,"column":3}},"2":{"start":{"line":25,"column":32},"end":{"line":25,"column":74}}},"fnMap":{"0":{"name":"FaceList","decl":{"start":{"line":19,"column":24},"end":{"line":19,"column":32}},"loc":{"start":{"line":19,"column":59},"end":{"line":28,"column":1}},"line":19},"1":{"name":"(anonymous_1)","decl":{"start":{"line":25,"column":18},"end":{"line":25,"column":19}},"loc":{"start":{"line":25,"column":32},"end":{"line":25,"column":74}},"line":25}},"branchMap":{},"s":{"0":2,"1":3,"2":1},"f":{"0":3,"1":1},"b":{},"_coverageSchema":"1a1c01bbd47fc00a2c39e90264f33305004495a9","hash":"63509e8845045b180637af86cbe88f7f3d483e1d"}
,"/Users/llaine/Workspace/klarna-test/client/src/components/FaceListHeader.tsx": {"path":"/Users/llaine/Workspace/klarna-test/client/src/components/FaceListHeader.tsx","statementMap":{"0":{"start":{"line":5,"column":15},"end":{"line":17,"column":2}},"1":{"start":{"line":20,"column":2},"end":{"line":24,"column":3}}},"fnMap":{"0":{"name":"FaceListHeader","decl":{"start":{"line":19,"column":24},"end":{"line":19,"column":38}},"loc":{"start":{"line":19,"column":41},"end":{"line":25,"column":1}},"line":19}},"branchMap":{},"s":{"0":3,"1":4},"f":{"0":4},"b":{},"_coverageSchema":"1a1c01bbd47fc00a2c39e90264f33305004495a9","hash":"69746785ef7906bb1139bd5caf69dc0bd4b6b500"}
,"/Users/llaine/Workspace/klarna-test/client/src/components/StatusViewController.tsx": {"path":"/Users/llaine/Workspace/klarna-test/client/src/components/StatusViewController.tsx","statementMap":{"0":{"start":{"line":14,"column":15},"end":{"line":20,"column":2}},"1":{"start":{"line":23,"column":45},"end":{"line":23,"column":50}},"2":{"start":{"line":26,"column":4},"end":{"line":31,"column":5}},"3":{"start":{"line":29,"column":51},"end":{"line":29,"column":60}},"4":{"start":{"line":35,"column":4},"end":{"line":39,"column":5}},"5":{"start":{"line":43,"column":4},"end":{"line":47,"column":5}},"6":{"start":{"line":50,"column":2},"end":{"line":59,"column":3}},"7":{"start":{"line":52,"column":6},"end":{"line":52,"column":29}},"8":{"start":{"line":54,"column":6},"end":{"line":54,"column":34}},"9":{"start":{"line":56,"column":6},"end":{"line":56,"column":36}},"10":{"start":{"line":58,"column":6},"end":{"line":58,"column":34}}},"fnMap":{"0":{"name":"StatusViewController","decl":{"start":{"line":22,"column":24},"end":{"line":22,"column":44}},"loc":{"start":{"line":22,"column":92},"end":{"line":61,"column":1}},"line":22},"1":{"name":"renderDefaultError","decl":{"start":{"line":25,"column":11},"end":{"line":25,"column":29}},"loc":{"start":{"line":25,"column":32},"end":{"line":32,"column":3}},"line":25},"2":{"name":"(anonymous_2)","decl":{"start":{"line":29,"column":45},"end":{"line":29,"column":46}},"loc":{"start":{"line":29,"column":51},"end":{"line":29,"column":60}},"line":29},"3":{"name":"renderDefaultLoading","decl":{"start":{"line":34,"column":11},"end":{"line":34,"column":31}},"loc":{"start":{"line":34,"column":34},"end":{"line":40,"column":3}},"line":34},"4":{"name":"defaultRenderEmpty","decl":{"start":{"line":42,"column":11},"end":{"line":42,"column":29}},"loc":{"start":{"line":42,"column":32},"end":{"line":48,"column":3}},"line":42}},"branchMap":{"0":{"loc":{"start":{"line":50,"column":2},"end":{"line":59,"column":3}},"type":"switch","locations":[{"start":{"line":51,"column":4},"end":{"line":52,"column":29}},{"start":{"line":53,"column":4},"end":{"line":54,"column":34}},{"start":{"line":55,"column":4},"end":{"line":56,"column":36}},{"start":{"line":57,"column":4},"end":{"line":58,"column":34}}],"line":50}},"s":{"0":1,"1":4,"2":1,"3":1,"4":1,"5":1,"6":4,"7":1,"8":1,"9":1,"10":1},"f":{"0":4,"1":1,"2":1,"3":1,"4":1},"b":{"0":[1,1,1,1]},"_coverageSchema":"1a1c01bbd47fc00a2c39e90264f33305004495a9","hash":"49f4bb0b2efb135e8092171fd55fbf053b0e2bfa"}
,"/Users/llaine/Workspace/klarna-test/client/src/reducers/facesState.ts": {"path":"/Users/llaine/Workspace/klarna-test/client/src/reducers/facesState.ts","statementMap":{"0":{"start":{"line":13,"column":33},"end":{"line":16,"column":1}},"1":{"start":{"line":19,"column":2},"end":{"line":38,"column":3}},"2":{"start":{"line":21,"column":6},"end":{"line":24,"column":7}},"3":{"start":{"line":26,"column":6},"end":{"line":30,"column":7}},"4":{"start":{"line":32,"column":6},"end":{"line":35,"column":7}},"5":{"start":{"line":37,"column":6},"end":{"line":37,"column":19}}},"fnMap":{"0":{"name":"facesState","decl":{"start":{"line":18,"column":24},"end":{"line":18,"column":34}},"loc":{"start":{"line":18,"column":103},"end":{"line":39,"column":1}},"line":18}},"branchMap":{"0":{"loc":{"start":{"line":18,"column":35},"end":{"line":18,"column":67}},"type":"default-arg","locations":[{"start":{"line":18,"column":55},"end":{"line":18,"column":67}}],"line":18},"1":{"loc":{"start":{"line":19,"column":2},"end":{"line":38,"column":3}},"type":"switch","locations":[{"start":{"line":20,"column":4},"end":{"line":24,"column":7}},{"start":{"line":25,"column":4},"end":{"line":30,"column":7}},{"start":{"line":31,"column":4},"end":{"line":35,"column":7}},{"start":{"line":36,"column":4},"end":{"line":37,"column":19}}],"line":19}},"s":{"0":1,"1":4,"2":1,"3":1,"4":1,"5":1},"f":{"0":4},"b":{"0":[1],"1":[1,1,1,1]},"_coverageSchema":"1a1c01bbd47fc00a2c39e90264f33305004495a9","hash":"41c1536963d7f83c44a5941779c5f8d50b2f6e41"}
,"/Users/llaine/Workspace/klarna-test/client/src/screens/rootScreen.tsx": {"path":"/Users/llaine/Workspace/klarna-test/client/src/screens/rootScreen.tsx","statementMap":{"0":{"start":{"line":9,"column":15},"end":{"line":18,"column":2}},"1":{"start":{"line":29,"column":2},"end":{"line":31,"column":8}},"2":{"start":{"line":30,"column":4},"end":{"line":30,"column":22}},"3":{"start":{"line":33,"column":2},"end":{"line":42,"column":4}},"4":{"start":{"line":39,"column":31},"end":{"line":39,"column":62}}},"fnMap":{"0":{"name":"RootScreen","decl":{"start":{"line":28,"column":24},"end":{"line":28,"column":34}},"loc":{"start":{"line":28,"column":59},"end":{"line":43,"column":1}},"line":28},"1":{"name":"(anonymous_1)","decl":{"start":{"line":29,"column":12},"end":{"line":29,"column":13}},"loc":{"start":{"line":29,"column":18},"end":{"line":31,"column":3}},"line":29},"2":{"name":"(anonymous_2)","decl":{"start":{"line":39,"column":25},"end":{"line":39,"column":26}},"loc":{"start":{"line":39,"column":31},"end":{"line":39,"column":62}},"line":39}},"branchMap":{},"s":{"0":1,"1":4,"2":4,"3":4,"4":1},"f":{"0":4,"1":4,"2":1},"b":{},"_coverageSchema":"1a1c01bbd47fc00a2c39e90264f33305004495a9","hash":"a038944d4df6c8b6817a23c4fc33c5210752bc17"}
,"/Users/llaine/Workspace/klarna-test/client/src/services/facesApi.ts": {"path":"/Users/llaine/Workspace/klarna-test/client/src/services/facesApi.ts","statementMap":{"0":{"start":{"line":1,"column":24},"end":{"line":1,"column":69}},"1":{"start":{"line":2,"column":17},"end":{"line":2,"column":36}},"2":{"start":{"line":11,"column":2},"end":{"line":11,"column":58}},"3":{"start":{"line":11,"column":42},"end":{"line":11,"column":57}}},"fnMap":{"0":{"name":"getFaces","decl":{"start":{"line":10,"column":16},"end":{"line":10,"column":24}},"loc":{"start":{"line":10,"column":49},"end":{"line":12,"column":1}},"line":10},"1":{"name":"(anonymous_1)","decl":{"start":{"line":11,"column":30},"end":{"line":11,"column":31}},"loc":{"start":{"line":11,"column":42},"end":{"line":11,"column":57}},"line":11}},"branchMap":{},"s":{"0":1,"1":1,"2":3,"3":0},"f":{"0":3,"1":0},"b":{},"_coverageSchema":"1a1c01bbd47fc00a2c39e90264f33305004495a9","hash":"ad3d56fb26f91bd6029b1bf8d8e2d5b1850c511d"}
}
