TN:
SF:src/actions/facesActions.ts
FN:14,loadFaces
FN:15,(anonymous_1)
FNF:2
FNH:2
FNDA:3,loadFaces
FNDA:3,(anonymous_1)
DA:15,3
DA:16,3
DA:17,3
DA:18,3
DA:19,0
DA:21,1
LF:6
LH:5
BRF:0
BRH:0
end_of_record
TN:
SF:src/components/FaceItem.tsx
FN:46,FaceItem
FNF:1
FNH:1
FNDA:2,FaceItem
DA:17,3
DA:47,2
LF:2
LH:2
BRF:0
BRH:0
end_of_record
TN:
SF:src/components/FaceList.tsx
FN:19,FaceList
FN:25,(anonymous_1)
FNF:2
FNH:2
FNDA:3,FaceList
FNDA:1,(anonymous_1)
DA:13,2
DA:20,3
DA:25,1
LF:3
LH:3
BRF:0
BRH:0
end_of_record
TN:
SF:src/components/FaceListHeader.tsx
FN:19,FaceListHeader
FNF:1
FNH:1
FNDA:4,FaceListHeader
DA:5,3
DA:20,4
LF:2
LH:2
BRF:0
BRH:0
end_of_record
TN:
SF:src/components/StatusViewController.tsx
FN:22,StatusViewController
FN:25,renderDefaultError
FN:29,(anonymous_2)
FN:34,renderDefaultLoading
FN:42,defaultRenderEmpty
FNF:5
FNH:5
FNDA:4,StatusViewController
FNDA:1,renderDefaultError
FNDA:1,(anonymous_2)
FNDA:1,renderDefaultLoading
FNDA:1,defaultRenderEmpty
DA:14,1
DA:23,4
DA:26,1
DA:29,1
DA:35,1
DA:43,1
DA:50,4
DA:52,1
DA:54,1
DA:56,1
DA:58,1
LF:11
LH:11
BRDA:50,0,0,1
BRDA:50,0,1,1
BRDA:50,0,2,1
BRDA:50,0,3,1
BRF:4
BRH:4
end_of_record
TN:
SF:src/reducers/facesState.ts
FN:18,facesState
FNF:1
FNH:1
FNDA:4,facesState
DA:13,1
DA:19,4
DA:21,1
DA:26,1
DA:32,1
DA:37,1
LF:6
LH:6
BRDA:18,0,0,1
BRDA:19,1,0,1
BRDA:19,1,1,1
BRDA:19,1,2,1
BRDA:19,1,3,1
BRF:5
BRH:5
end_of_record
TN:
SF:src/screens/rootScreen.tsx
FN:28,RootScreen
FN:29,(anonymous_1)
FN:39,(anonymous_2)
FNF:3
FNH:3
FNDA:4,RootScreen
FNDA:4,(anonymous_1)
FNDA:1,(anonymous_2)
DA:9,1
DA:29,4
DA:30,4
DA:33,4
DA:39,1
LF:5
LH:5
BRF:0
BRH:0
end_of_record
TN:
SF:src/services/facesApi.ts
FN:10,getFaces
FN:11,(anonymous_1)
FNF:2
FNH:1
FNDA:3,getFaces
FNDA:0,(anonymous_1)
DA:1,1
DA:2,1
DA:11,3
LF:3
LH:3
BRF:0
BRH:0
end_of_record
